app/build/outputs/logs/manifest-merger-debug-report.txt
-- Merging decision tree log ---
manifest
ADDED from src\main\AndroidManifest.xml:2:1-67:12
	package
		ADDED from src\main\AndroidManifest.xml:3:5-34
		INJECTED from src\main\AndroidManifest.xml
		INJECTED from src\main\AndroidManifest.xml
	android:versionName
		ADDED from src\main\AndroidManifest.xml:5:5-32
		INJECTED from src\main\AndroidManifest.xml
		INJECTED from src\main\AndroidManifest.xml
	android:versionCode
		ADDED from src\main\AndroidManifest.xml:4:5-28
		INJECTED from src\main\AndroidManifest.xml
		INJECTED from src\main\AndroidManifest.xml
	xmlns:android
		ADDED from src\main\AndroidManifest.xml:2:11-69
uses-sdk
ADDED from src\main\AndroidManifest.xml:7:5-9:41
MERGED from [com.android.support:appcompat-v7:25.1.1] AndroidManifest.xml:21:5-23:78
MERGED from [com.android.support:support-v4:25.1.1] AndroidManifest.xml:21:5-23:54
MERGED from [com.android.support:support-compat:25.1.1] AndroidManifest.xml:21:5-23:58
MERGED from [com.android.support:support-media-compat:25.1.1] AndroidManifest.xml:21:5-23:63
MERGED from [com.android.support:support-core-utils:25.1.1] AndroidManifest.xml:21:5-23:61
MERGED from [com.android.support:support-core-ui:25.1.1] AndroidManifest.xml:21:5-23:58
MERGED from [com.android.support:support-fragment:25.1.1] AndroidManifest.xml:21:5-23:60
MERGED from [com.android.support:support-vector-drawable:25.1.1] AndroidManifest.xml:21:5-43
MERGED from [com.android.support:animated-vector-drawable:25.1.1] AndroidManifest.xml:20:5-44
MERGED from [com.naver.speech.clientapi:naverspeech-sdk-android:1.1.2] AndroidManifest.xml:7:5-9:41
MERGED from [com.koushikdutta.ion:ion:2.1.9] AndroidManifest.xml:7:5-9:41
MERGED from [com.koushikdutta.async:androidasync:2.1.9] AndroidManifest.xml:7:5-9:41
MERGED from [pl.droidsonroids.gif:android-gif-drawable:1.1.7] AndroidManifest.xml:6:5-8:41
	tools:overrideLibrary
		ADDED from [com.android.support:appcompat-v7:25.1.1] AndroidManifest.xml:23:9-75
	android:targetSdkVersion
		ADDED from src\main\AndroidManifest.xml:9:9-38
		INJECTED from src\main\AndroidManifest.xml
		INJECTED from src\main\AndroidManifest.xml
	android:minSdkVersion
		ADDED from src\main\AndroidManifest.xml:8:9-35
		INJECTED from src\main\AndroidManifest.xml
		INJECTED from src\main\AndroidManifest.xml
uses-permission#android.permission.BLUETOOTH_ADMIN
ADDED from src\main\AndroidManifest.xml:11:5-74
	android:name
		ADDED from src\main\AndroidManifest.xml:11:22-71
uses-permission#android.permission.BLUETOOTH
ADDED from src\main\AndroidManifest.xml:12:5-68
	android:name
		ADDED from src\main\AndroidManifest.xml:12:22-65
uses-permission#android.permission.INTERNET
ADDED from src\main\AndroidManifest.xml:13:5-67
MERGED from [com.koushikdutta.ion:ion:2.1.9] AndroidManifest.xml:11:5-67
MERGED from [com.koushikdutta.async:androidasync:2.1.9] AndroidManifest.xml:11:5-67
	android:name
		ADDED from src\main\AndroidManifest.xml:13:22-64
uses-permission#android.permission.WRITE_EXTERNAL_STORAGE
ADDED from src\main\AndroidManifest.xml:14:5-81
MERGED from [com.naver.speech.clientapi:naverspeech-sdk-android:1.1.2] AndroidManifest.xml:12:5-81
	android:name
		ADDED from src\main\AndroidManifest.xml:14:22-78
uses-permission#android.permission.READ_PHONE_STATE
ADDED from src\main\AndroidManifest.xml:15:5-75
	android:name
		ADDED from src\main\AndroidManifest.xml:15:22-72
uses-permission#android.permission.READ_EXTERNAL_STORAGE
ADDED from src\main\AndroidManifest.xml:16:5-80
MERGED from [com.naver.speech.clientapi:naverspeech-sdk-android:1.1.2] AndroidManifest.xml:11:5-80
	android:name
		ADDED from src\main\AndroidManifest.xml:16:22-77
application
ADDED from src\main\AndroidManifest.xml:18:5-65:19
MERGED from [com.android.support:appcompat-v7:25.1.1] AndroidManifest.xml:25:5-20
MERGED from [com.android.support:support-v4:25.1.1] AndroidManifest.xml:25:5-20
MERGED from [com.android.support:support-compat:25.1.1] AndroidManifest.xml:25:5-20
MERGED from [com.android.support:support-media-compat:25.1.1] AndroidManifest.xml:25:5-20
MERGED from [com.android.support:support-core-utils:25.1.1] AndroidManifest.xml:25:5-20
MERGED from [com.android.support:support-core-ui:25.1.1] AndroidManifest.xml:25:5-20
MERGED from [com.android.support:support-fragment:25.1.1] AndroidManifest.xml:25:5-20
MERGED from [com.android.support:support-vector-drawable:25.1.1] AndroidManifest.xml:23:5-20
MERGED from [com.android.support:animated-vector-drawable:25.1.1] AndroidManifest.xml:22:5-20
MERGED from [com.naver.speech.clientapi:naverspeech-sdk-android:1.1.2] AndroidManifest.xml:15:5-18:19
MERGED from [com.koushikdutta.ion:ion:2.1.9] AndroidManifest.xml:13:5-14:19
MERGED from [com.koushikdutta.async:androidasync:2.1.9] AndroidManifest.xml:13:5-14:19
	android:label
		ADDED from src\main\AndroidManifest.xml:21:9-41
	android:supportsRtl
		ADDED from [com.naver.speech.clientapi:naverspeech-sdk-android:1.1.2] AndroidManifest.xml:17:9-35
	android:allowBackup
		ADDED from src\main\AndroidManifest.xml:19:9-35
	android:icon
		ADDED from src\main\AndroidManifest.xml:20:9-42
	android:theme
		ADDED from src\main\AndroidManifest.xml:22:9-40
activity#com.hardcopy.btchat.SplashActivity
ADDED from src\main\AndroidManifest.xml:25:9-35:20
	android:label
		ADDED from src\main\AndroidManifest.xml:27:13-45
	android:launchMode
		ADDED from src\main\AndroidManifest.xml:28:13-44
	android:theme
		ADDED from src\main\AndroidManifest.xml:29:13-51
	android:name
		ADDED from src\main\AndroidManifest.xml:26:13-43
intent-filter#android.intent.action.MAIN+android.intent.category.LAUNCHER
ADDED from src\main\AndroidManifest.xml:30:13-34:29
action#android.intent.action.MAIN
ADDED from src\main\AndroidManifest.xml:31:17-69
	android:name
		ADDED from src\main\AndroidManifest.xml:31:25-66
category#android.intent.category.LAUNCHER
ADDED from src\main\AndroidManifest.xml:33:17-77
	android:name
		ADDED from src\main\AndroidManifest.xml:33:27-74
activity#com.hardcopy.btchat.DeviceListActivity
ADDED from src\main\AndroidManifest.xml:36:9-40:59
	android:label
		ADDED from src\main\AndroidManifest.xml:39:13-50
	android:configChanges
		ADDED from src\main\AndroidManifest.xml:38:13-74
	android:theme
		ADDED from src\main\AndroidManifest.xml:40:13-56
	android:name
		ADDED from src\main\AndroidManifest.xml:37:13-47
service#com.hardcopy.btchat.service.BTCTemplateService
ADDED from src\main\AndroidManifest.xml:43:9-47:52
	android:label
		ADDED from src\main\AndroidManifest.xml:47:13-49
	android:configChanges
		ADDED from src\main\AndroidManifest.xml:45:13-74
	android:icon
		ADDED from src\main\AndroidManifest.xml:46:13-46
	android:name
		ADDED from src\main\AndroidManifest.xml:44:13-55
activity#com.hardcopy.btchat.MainActivity
ADDED from src\main\AndroidManifest.xml:49:9-51:77
	android:configChanges
		ADDED from src\main\AndroidManifest.xml:51:13-74
	android:name
		ADDED from src\main\AndroidManifest.xml:50:13-41
activity#com.hardcopy.btchat.Main2Activity
ADDED from src\main\AndroidManifest.xml:52:9-54:54
	android:theme
		ADDED from src\main\AndroidManifest.xml:54:13-51
	android:name
		ADDED from src\main\AndroidManifest.xml:53:13-42
activity#com.hardcopy.btchat.naver.NaverActivity
ADDED from src\main\AndroidManifest.xml:56:9-57:53
	android:theme
		ADDED from src\main\AndroidManifest.xml:57:13-51
	android:name
		ADDED from src\main\AndroidManifest.xml:56:19-54
activity#com.hardcopy.btchat.Main0Activity
ADDED from src\main\AndroidManifest.xml:59:9-64:20
	android:label
		ADDED from src\main\AndroidManifest.xml:60:9-41
	android:launchMode
		ADDED from src\main\AndroidManifest.xml:61:9-40
	android:theme
		ADDED from src\main\AndroidManifest.xml:62:9-47
	android:name
		ADDED from src\main\AndroidManifest.xml:59:19-48
uses-permission#android.permission.INTERNETE
ADDED from [com.naver.speech.clientapi:naverspeech-sdk-android:1.1.2] AndroidManifest.xml:13:5-68
	android:name
		ADDED from [com.naver.speech.clientapi:naverspeech-sdk-android:1.1.2] AndroidManifest.xml:13:22-65